<?xml version="1.0" encoding="UTF-8"?>
<!-- Generated by org.testng.reporters.JUnitXMLReporter -->
<testsuite ignored="0" hostname="Niranjan-HP" failures="1" tests="4" name="Test" time="72.517" errors="0" timestamp="2022-03-06T13:52:06 CET">
  <testcase classname="SignUpProcess.signUpFlowWithNewUser" name="signupNavigationWithNewUser" time="19.01"/>
  <testcase classname="SignUpProcess.signUpFlowWithExistingUser" name="signupNavigationWithExistingUser" time="18.692"/>
  <testcase classname="SignUpProcess.signUpFlowWithExistingUser" name="signupNavigationWithExistingUser" time="12.702"/>
  <testcase classname="SignUpProcess.signUpFlowWithInvalidUser" name="signupNavigationWithInvalidUser" time="11.078">
    <failure type="java.lang.AssertionError">
      <![CDATA[java.lang.AssertionError
at org.junit.Assert.fail(Assert.java:86)
at org.junit.Assert.fail(Assert.java:95)
at SignUpProcess.signUpFlowWithInvalidUser.signupNavigationWithInvalidUser(signUpFlowWithInvalidUser.java:56)
at java.base/java.util.ArrayList.forEach(ArrayList.java:1511)
... Removed 27 stack frames]]>
    </failure>
  </testcase> <!-- signupNavigationWithInvalidUser -->
</testsuite> <!-- Test -->
