<?xml version="1.0" encoding="UTF-8"?>
<testng-results ignored="0" total="1" passed="1" failed="0" skipped="0">
  <reporter-output>
  </reporter-output>
  <suite started-at="2022-06-07T21:30:36 CEST" name="Default suite" finished-at="2022-06-07T21:31:41 CEST" duration-ms="65496">
    <groups>
    </groups>
    <test started-at="2022-06-07T21:30:36 CEST" name="Default test" finished-at="2022-06-07T21:31:41 CEST" duration-ms="65496">
      <class name="SignInProcess.LoginandSearchFunctionality">
        <test-method is-config="true" signature="initialize()[pri:0, instance:SignInProcess.LoginandSearchFunctionality@dd8ba08]" started-at="2022-06-07T21:30:36 CEST" name="initialize" finished-at="2022-06-07T21:30:41 CEST" duration-ms="4949" status="PASS">
          <reporter-output>
          </reporter-output>
        </test-method> <!-- initialize -->
        <test-method signature="searchengine()[pri:0, instance:SignInProcess.LoginandSearchFunctionality@dd8ba08]" started-at="2022-06-07T21:30:41 CEST" name="searchengine" finished-at="2022-06-07T21:31:41 CEST" duration-ms="60090" status="PASS">
          <reporter-output>
          </reporter-output>
        </test-method> <!-- searchengine -->
        <test-method is-config="true" signature="exit()[pri:0, instance:SignInProcess.LoginandSearchFunctionality@dd8ba08]" started-at="2022-06-07T21:31:41 CEST" name="exit" finished-at="2022-06-07T21:31:41 CEST" duration-ms="372" status="PASS">
          <reporter-output>
          </reporter-output>
        </test-method> <!-- exit -->
      </class> <!-- SignInProcess.LoginandSearchFunctionality -->
    </test> <!-- Default test -->
  </suite> <!-- Default suite -->
</testng-results>
