<?xml version="1.0" encoding="UTF-8"?>
<testng-results ignored="0" total="1" passed="1" failed="0" skipped="0">
  <reporter-output>
  </reporter-output>
  <suite started-at="2022-05-04T02:57:49 CEST" name="Suite" finished-at="2022-05-04T02:58:23 CEST" duration-ms="33734">
    <groups>
    </groups>
    <test started-at="2022-05-04T02:57:49 CEST" name="Test" finished-at="2022-05-04T02:58:23 CEST" duration-ms="33734">
      <class name="SignInProcess.LoginandSearchFunctionality">
        <test-method is-config="true" signature="initialize()[pri:0, instance:SignInProcess.LoginandSearchFunctionality@72bc6553]" started-at="2022-05-04T02:57:49 CEST" name="initialize" finished-at="2022-05-04T02:57:54 CEST" duration-ms="4686" status="PASS">
          <reporter-output>
          </reporter-output>
        </test-method> <!-- initialize -->
        <test-method signature="searchengine()[pri:0, instance:SignInProcess.LoginandSearchFunctionality@72bc6553]" started-at="2022-05-04T02:57:54 CEST" name="searchengine" finished-at="2022-05-04T02:58:22 CEST" duration-ms="28329" status="PASS">
          <reporter-output>
          </reporter-output>
        </test-method> <!-- searchengine -->
        <test-method is-config="true" signature="exit()[pri:0, instance:SignInProcess.LoginandSearchFunctionality@72bc6553]" started-at="2022-05-04T02:58:22 CEST" name="exit" finished-at="2022-05-04T02:58:23 CEST" duration-ms="620" status="PASS">
          <reporter-output>
          </reporter-output>
        </test-method> <!-- exit -->
      </class> <!-- SignInProcess.LoginandSearchFunctionality -->
    </test> <!-- Test -->
  </suite> <!-- Suite -->
</testng-results>
